2022-08-05 00:35:35,941 - INFO - main:415 - None
2022-08-05 00:35:35,953 - ERROR - main:416 - Exception occurred: Message: no such element: Unable to locate element: {"method":"xpath","selector":"/html/body/div/div[3]/div/div"}
  (Session info: chrome=103.0.5060.134)
!
2022-08-05 00:39:31,838 - INFO - main:420 - None
2022-08-05 00:39:31,838 - ERROR - main:421 - Exception occurred: [Errno 2] File b'Wordle_words_for_bot_v4.csv' does not exist: b'Wordle_words_for_bot_v4.csv'!
2022-08-05 00:40:45,940 - INFO - main:164 - Playing round 1 of 10.
2022-08-05 00:40:45,940 - INFO - main:169 - Try w/ the word: SOARE.
2022-08-05 00:40:48,952 - INFO - main:420 - None
2022-08-05 00:40:48,952 - ERROR - main:421 - Exception occurred: name 'false' is not defined!
2022-08-05 00:41:24,867 - INFO - main:164 - Playing round 1 of 10.
2022-08-05 00:41:24,868 - INFO - main:169 - Try w/ the word: SOARE.
2022-08-05 00:41:27,871 - INFO - main:420 - None
2022-08-05 00:41:27,872 - ERROR - main:421 - Exception occurred: Message: no such element: Unable to locate element: {"method":"xpath","selector":"//*[@id="wordle-app-game"]/div[1]/div/div[1]/div[1]/div"}
  (Session info: chrome=103.0.5060.134)
!
2022-08-05 00:43:34,156 - INFO - main:420 - None
2022-08-05 00:43:34,157 - ERROR - main:421 - Exception occurred: No module named 'pyshadow'!
2022-08-05 00:44:28,023 - INFO - main:164 - Playing round 1 of 10.
2022-08-05 00:44:28,023 - INFO - main:169 - Try w/ the word: SOARE.
2022-08-05 00:44:31,136 - INFO - main:214 - feedback_correct_chars: []
2022-08-05 00:44:31,136 - INFO - main:215 - feedback_present_chars: []
2022-08-05 00:44:31,136 - INFO - main:216 - feedback_absent_chars: ['S', 'O', 'A', 'R', 'E']
2022-08-05 00:44:31,137 - INFO - main:268 - regex_expr: [^SOARE][^SOARE][^SOARE][^SOARE][^SOARE]
2022-08-05 00:44:31,149 - INFO - main:291 - After attempt #1, the number of qualified words: 182, filtered out 92.12%.
2022-08-05 00:44:31,149 - INFO - main:301 - first 10 next_round_words: [('BLIMP', 5.0), ('BLIND', 5.0), ('BLINK', 5.0), ('BLITZ', 5.0), ('BLUNT', 5.0), ('BUILD', 5.0), ('BUILT', 5.0), ('BULKY', 5.0), ('BUNCH', 5.0), ('BUTCH', 5.0)]
2022-08-05 00:44:33,226 - INFO - main:169 - Try w/ the word: CIBOL.
2022-08-05 00:44:35,551 - INFO - main:214 - feedback_correct_chars: [('I', 2)]
2022-08-05 00:44:35,551 - INFO - main:215 - feedback_present_chars: []
2022-08-05 00:44:35,551 - INFO - main:216 - feedback_absent_chars: ['S', 'O', 'A', 'R', 'E', 'C', 'B', 'O', 'L']
2022-08-05 00:44:35,551 - INFO - main:268 - regex_expr: [^SOARECBOL]I[^SOARECBOL][^SOARECBOL][^SOARECBOL]
2022-08-05 00:44:35,552 - INFO - main:291 - After attempt #2, the number of qualified words: 30, filtered out 83.52%.
2022-08-05 00:44:35,553 - INFO - main:301 - first 10 next_round_words: [('DINGY', 5.0), ('FIGHT', 5.0), ('MIGHT', 5.0), ('MINTY', 5.0), ('NIGHT', 5.0), ('PINKY', 5.0), ('PITHY', 5.0), ('WIDTH', 5.0), ('WIGHT', 5.0), ('WIMPY', 5.0)]
2022-08-05 00:44:37,893 - INFO - main:169 - Try w/ the word: DINGY.
2022-08-05 00:44:40,159 - INFO - main:214 - feedback_correct_chars: [('I', 2), ('D', 1), ('Y', 5)]
2022-08-05 00:44:40,159 - INFO - main:215 - feedback_present_chars: []
2022-08-05 00:44:40,160 - INFO - main:216 - feedback_absent_chars: ['S', 'O', 'A', 'R', 'E', 'C', 'B', 'O', 'L', 'N', 'G']
2022-08-05 00:44:40,160 - INFO - main:268 - regex_expr: DI[^SOARECBOLNG][^SOARECBOLNG]Y
2022-08-05 00:44:40,160 - INFO - main:291 - After attempt #3, the number of qualified words: 2, filtered out 93.33%.
2022-08-05 00:44:40,160 - INFO - main:299 - The next_round_words (w/ repeat_propensity) are: [('DITTY', 7.0), ('DIZZY', 7.0)]
2022-08-05 00:44:43,029 - INFO - main:169 - Try w/ the word: DITTY.
2022-08-05 00:44:45,462 - INFO - main:214 - feedback_correct_chars: [('I', 2), ('D', 1), ('Y', 5)]
2022-08-05 00:44:45,462 - INFO - main:215 - feedback_present_chars: []
2022-08-05 00:44:45,462 - INFO - main:216 - feedback_absent_chars: ['S', 'O', 'A', 'R', 'E', 'C', 'B', 'O', 'L', 'N', 'G', 'T', 'T']
2022-08-05 00:44:45,462 - INFO - main:268 - regex_expr: DI[^SOARECBOLNGTT][^SOARECBOLNGTT]Y
2022-08-05 00:44:45,463 - INFO - main:291 - After attempt #4, the number of qualified words: 1, filtered out 50.0%.
2022-08-05 00:44:45,463 - INFO - main:299 - The next_round_words (w/ repeat_propensity) are: [('DIZZY', 7.0)]
2022-08-05 00:44:48,360 - INFO - main:169 - Try w/ the word: DIZZY.
2022-08-05 00:44:51,012 - INFO - main:214 - feedback_correct_chars: [('I', 2), ('D', 1), ('Y', 5), ('Z', 3), ('Z', 4)]
2022-08-05 00:44:51,012 - INFO - main:215 - feedback_present_chars: []
2022-08-05 00:44:51,012 - INFO - main:216 - feedback_absent_chars: ['S', 'O', 'A', 'R', 'E', 'C', 'B', 'O', 'L', 'N', 'G', 'T', 'T']
2022-08-05 00:44:51,012 - INFO - main:221 - Woohoo! The word is: DIZZY!
2022-08-05 00:44:51,012 - INFO - main:223 - Nailed it w/ 5 attempts.
2022-08-05 00:44:59,885 - INFO - main:164 - Playing round 2 of 10.
2022-08-05 00:44:59,885 - INFO - main:169 - Try w/ the word: SOARE.
2022-08-05 00:45:02,637 - INFO - main:214 - feedback_correct_chars: []
2022-08-05 00:45:02,637 - INFO - main:215 - feedback_present_chars: [('E', 5)]
2022-08-05 00:45:02,637 - INFO - main:216 - feedback_absent_chars: ['S', 'O', 'A', 'R']
2022-08-05 00:45:02,637 - INFO - main:268 - regex_expr: [^SOAR][^SOAR][^SOAR][^SOAR][^SOARE]
2022-08-05 00:45:02,650 - INFO - main:291 - After attempt #1, the number of qualified words: 119, filtered out 94.85%.
2022-08-05 00:45:02,650 - INFO - main:301 - first 10 next_round_words: [('BEFIT', 5.0), ('BEGIN', 5.0), ('BEGUN', 5.0), ('BEING', 5.0), ('BELCH', 5.0), ('BENCH', 5.0), ('BICEP', 5.0), ('BLEND', 5.0), ('CHIEF', 5.0), ('CLEFT', 5.0)]
2022-08-05 00:45:05,567 - INFO - main:169 - Try w/ the word: CIBOL.
2022-08-05 00:45:08,330 - INFO - main:214 - feedback_correct_chars: []
2022-08-05 00:45:08,330 - INFO - main:215 - feedback_present_chars: [('E', 5)]
2022-08-05 00:45:08,330 - INFO - main:216 - feedback_absent_chars: ['S', 'O', 'A', 'R', 'C', 'I', 'B', 'O', 'L']
2022-08-05 00:45:08,330 - INFO - main:268 - regex_expr: [^SOARCIBOL][^SOARCIBOL][^SOARCIBOL][^SOARCIBOL][^SOARCIBOLE]
2022-08-05 00:45:08,331 - INFO - main:291 - After attempt #2, the number of qualified words: 25, filtered out 78.99%.
2022-08-05 00:45:08,331 - INFO - main:301 - first 10 next_round_words: [('DEPTH', 5.0), ('DUVET', 5.0), ('EMPTY', 5.0), ('HEFTY', 5.0), ('HYMEN', 5.0), ('UNFED', 5.0), ('UNMET', 5.0), ('UNWED', 5.0), ('ENEMY', 7.0), ('EVENT', 7.0)]
2022-08-05 00:45:10,766 - INFO - main:169 - Try w/ the word: DEPTH.
2022-08-05 00:45:13,818 - INFO - main:214 - feedback_correct_chars: [('P', 3), ('T', 4)]
2022-08-05 00:45:13,818 - INFO - main:215 - feedback_present_chars: [('E', 5), ('E', 2)]
2022-08-05 00:45:13,818 - INFO - main:216 - feedback_absent_chars: ['S', 'O', 'A', 'R', 'C', 'I', 'B', 'O', 'L', 'D', 'H']
2022-08-05 00:45:13,818 - INFO - main:268 - regex_expr: [^SOARCIBOLDH][^SOARCIBOLDHE]PT[^SOARCIBOLDHE]
2022-08-05 00:45:13,818 - INFO - main:291 - After attempt #3, the number of qualified words: 1, filtered out 96.0%.
2022-08-05 00:45:13,818 - INFO - main:299 - The next_round_words (w/ repeat_propensity) are: [('EMPTY', 5.0)]
2022-08-05 00:45:16,775 - INFO - main:169 - Try w/ the word: EMPTY.
2022-08-05 00:45:19,311 - INFO - main:214 - feedback_correct_chars: [('P', 3), ('T', 4), ('E', 1), ('M', 2), ('Y', 5)]
2022-08-05 00:45:19,311 - INFO - main:215 - feedback_present_chars: [('E', 5), ('E', 2)]
2022-08-05 00:45:19,311 - INFO - main:216 - feedback_absent_chars: ['S', 'O', 'A', 'R', 'C', 'I', 'B', 'O', 'L', 'D', 'H']
2022-08-05 00:45:19,311 - INFO - main:221 - Woohoo! The word is: EMPTY!
2022-08-05 00:45:19,311 - INFO - main:223 - Nailed it w/ 4 attempts.
2022-08-05 00:45:27,856 - INFO - main:164 - Playing round 3 of 10.
2022-08-05 00:45:27,856 - INFO - main:169 - Try w/ the word: SOARE.
2022-08-05 00:45:30,202 - INFO - main:214 - feedback_correct_chars: [('E', 5)]
2022-08-05 00:45:30,202 - INFO - main:215 - feedback_present_chars: [('S', 1), ('O', 2)]
2022-08-05 00:45:30,202 - INFO - main:216 - feedback_absent_chars: ['A', 'R']
2022-08-05 00:45:30,202 - INFO - main:268 - regex_expr: [^ARS][^ARO][^AR][^AR]E
2022-08-05 00:45:30,214 - INFO - main:291 - After attempt #1, the number of qualified words: 5, filtered out 99.78%.
2022-08-05 00:45:30,214 - INFO - main:299 - The next_round_words (w/ repeat_propensity) are: [('CHOSE', 5.0), ('CLOSE', 5.0), ('THOSE', 5.0), ('WHOSE', 5.0), ('OBESE', 7.0)]
2022-08-05 00:45:32,943 - INFO - main:169 - Try w/ the word: CHOSE.
2022-08-05 00:45:35,244 - INFO - main:214 - feedback_correct_chars: [('E', 5), ('C', 1), ('H', 2), ('O', 3), ('S', 4)]
2022-08-05 00:45:35,244 - INFO - main:215 - feedback_present_chars: [('S', 1), ('O', 2)]
2022-08-05 00:45:35,244 - INFO - main:216 - feedback_absent_chars: ['A', 'R']
2022-08-05 00:45:35,244 - INFO - main:221 - Woohoo! The word is: CHOSE!
2022-08-05 00:45:35,244 - INFO - main:223 - Nailed it w/ 2 attempts.
2022-08-05 00:45:43,592 - INFO - main:164 - Playing round 4 of 10.
2022-08-05 00:45:43,593 - INFO - main:169 - Try w/ the word: SOARE.
2022-08-05 00:45:46,093 - INFO - main:214 - feedback_correct_chars: [('S', 1), ('E', 5)]
2022-08-05 00:45:46,093 - INFO - main:215 - feedback_present_chars: []
2022-08-05 00:45:46,093 - INFO - main:216 - feedback_absent_chars: ['O', 'A', 'R']
2022-08-05 00:45:46,093 - INFO - main:268 - regex_expr: S[^OAR][^OAR][^OAR]E
2022-08-05 00:45:46,104 - INFO - main:291 - After attempt #1, the number of qualified words: 23, filtered out 99.0%.
2022-08-05 00:45:46,104 - INFO - main:301 - first 10 next_round_words: [('SHINE', 5.0), ('SINCE', 5.0), ('SINGE', 5.0), ('SLICE', 5.0), ('SLIDE', 5.0), ('SLIME', 5.0), ('SMILE', 5.0), ('SMITE', 5.0), ('SNIDE', 5.0), ('SNIPE', 5.0)]
2022-08-05 00:45:46,105 - INFO - main:316 - Already know about 2 letters in the right position, but still too many (23) possibilities. Try scout words.
2022-08-05 00:45:46,157 - INFO - main:336 - Top 5 of the ranked scout words: [('CHILD', 5, 5.0), ('CHUMP', 5, 5.0), ('CHUNK', 5, 5.0), ('CLING', 5, 5.0), ('CLINK', 5, 5.0)]
2022-08-05 00:45:48,780 - INFO - main:169 - Try w/ the word: CHILD.
2022-08-05 00:45:51,824 - INFO - main:214 - feedback_correct_chars: [('S', 1), ('E', 5), ('I', 3)]
2022-08-05 00:45:51,824 - INFO - main:215 - feedback_present_chars: []
2022-08-05 00:45:51,824 - INFO - main:216 - feedback_absent_chars: ['O', 'A', 'R', 'C', 'H', 'L', 'D']
2022-08-05 00:45:51,824 - INFO - main:268 - regex_expr: S[^OARCHLD]I[^OARCHLD]E
2022-08-05 00:45:51,825 - INFO - main:291 - After attempt #2, the number of qualified words: 8, filtered out 65.22%.
2022-08-05 00:45:51,825 - INFO - main:299 - The next_round_words (w/ repeat_propensity) are: [('SMITE', 5.0), ('SNIPE', 5.0), ('SPIKE', 5.0), ('SPINE', 5.0), ('SPITE', 5.0), ('SUITE', 5.0), ('SWINE', 5.0), ('SEIZE', 7.0)]
2022-08-05 00:45:51,825 - INFO - main:316 - Already know about 3 letters in the right position, but still too many (8) possibilities. Try scout words.
2022-08-05 00:45:51,862 - INFO - main:336 - Top 5 of the ranked scout words: [('INPUT', 4, 5.0), ('MOUNT', 4, 5.0), ('PLUNK', 4, 5.0), ('SPUNK', 4, 5.0), ('STUMP', 4, 5.0)]
2022-08-05 00:45:54,774 - INFO - main:169 - Try w/ the word: INPUT.
2022-08-05 00:45:57,467 - INFO - main:214 - feedback_correct_chars: [('S', 1), ('E', 5), ('I', 3)]
2022-08-05 00:45:57,467 - INFO - main:215 - feedback_present_chars: [('I', 1), ('N', 2)]
2022-08-05 00:45:57,467 - INFO - main:216 - feedback_absent_chars: ['O', 'A', 'R', 'C', 'H', 'L', 'D', 'P', 'U', 'T']
2022-08-05 00:45:57,467 - INFO - main:268 - regex_expr: S[^OARCHLDPUTN]I[^OARCHLDPUT]E
2022-08-05 00:45:57,467 - INFO - main:291 - After attempt #3, the number of qualified words: 1, filtered out 87.5%.
2022-08-05 00:45:57,468 - INFO - main:299 - The next_round_words (w/ repeat_propensity) are: [('SWINE', 5.0)]
2022-08-05 00:46:00,274 - INFO - main:169 - Try w/ the word: SWINE.
2022-08-05 00:46:03,454 - INFO - main:214 - feedback_correct_chars: [('S', 1), ('E', 5), ('I', 3), ('W', 2), ('N', 4)]
2022-08-05 00:46:03,455 - INFO - main:215 - feedback_present_chars: [('I', 1), ('N', 2)]
2022-08-05 00:46:03,455 - INFO - main:216 - feedback_absent_chars: ['O', 'A', 'R', 'C', 'H', 'L', 'D', 'P', 'U', 'T']
2022-08-05 00:46:03,455 - INFO - main:221 - Woohoo! The word is: SWINE!
2022-08-05 00:46:03,455 - INFO - main:223 - Nailed it w/ 4 attempts.
2022-08-05 00:46:12,391 - INFO - main:164 - Playing round 5 of 10.
2022-08-05 00:46:12,391 - INFO - main:169 - Try w/ the word: SOARE.
2022-08-05 00:46:15,172 - INFO - main:214 - feedback_correct_chars: []
2022-08-05 00:46:15,172 - INFO - main:215 - feedback_present_chars: []
2022-08-05 00:46:15,172 - INFO - main:216 - feedback_absent_chars: ['S', 'O', 'A', 'R', 'E']
2022-08-05 00:46:15,172 - INFO - main:268 - regex_expr: [^SOARE][^SOARE][^SOARE][^SOARE][^SOARE]
2022-08-05 00:46:15,188 - INFO - main:291 - After attempt #1, the number of qualified words: 182, filtered out 92.12%.
2022-08-05 00:46:15,188 - INFO - main:301 - first 10 next_round_words: [('BLIMP', 5.0), ('BLIND', 5.0), ('BLINK', 5.0), ('BLITZ', 5.0), ('BLUNT', 5.0), ('BUILD', 5.0), ('BUILT', 5.0), ('BULKY', 5.0), ('BUNCH', 5.0), ('BUTCH', 5.0)]
2022-08-05 00:46:17,556 - INFO - main:169 - Try w/ the word: CIBOL.
2022-08-05 00:46:19,775 - INFO - main:214 - feedback_correct_chars: [('C', 1)]
2022-08-05 00:46:19,775 - INFO - main:215 - feedback_present_chars: [('I', 2), ('B', 3), ('L', 5)]
2022-08-05 00:46:19,775 - INFO - main:216 - feedback_absent_chars: ['S', 'O', 'A', 'R', 'E', 'O']
2022-08-05 00:46:19,775 - INFO - main:268 - regex_expr: C[^SOAREOI][^SOAREOB][^SOAREO][^SOAREOL]
2022-08-05 00:46:19,776 - INFO - main:291 - After attempt #2, the number of qualified words: 1, filtered out 99.45%.
2022-08-05 00:46:19,776 - INFO - main:299 - The next_round_words (w/ repeat_propensity) are: [('CLIMB', 5.0)]
2022-08-05 00:46:22,012 - INFO - main:169 - Try w/ the word: CLIMB.
2022-08-05 00:46:24,348 - INFO - main:214 - feedback_correct_chars: [('C', 1), ('L', 2), ('I', 3), ('M', 4), ('B', 5)]
2022-08-05 00:46:24,348 - INFO - main:215 - feedback_present_chars: [('I', 2), ('B', 3), ('L', 5)]
2022-08-05 00:46:24,348 - INFO - main:216 - feedback_absent_chars: ['S', 'O', 'A', 'R', 'E', 'O']
2022-08-05 00:46:24,349 - INFO - main:221 - Woohoo! The word is: CLIMB!
2022-08-05 00:46:24,349 - INFO - main:223 - Nailed it w/ 3 attempts.
2022-08-05 00:46:32,070 - INFO - main:164 - Playing round 6 of 10.
2022-08-05 00:46:32,072 - INFO - main:169 - Try w/ the word: SOARE.
2022-08-05 00:46:34,927 - INFO - main:214 - feedback_correct_chars: []
2022-08-05 00:46:34,927 - INFO - main:215 - feedback_present_chars: [('O', 2), ('R', 4)]
2022-08-05 00:46:34,928 - INFO - main:216 - feedback_absent_chars: ['S', 'A', 'E']
2022-08-05 00:46:34,928 - INFO - main:268 - regex_expr: [^SAE][^SAEO][^SAE][^SAER][^SAE]
2022-08-05 00:46:34,944 - INFO - main:291 - After attempt #1, the number of qualified words: 59, filtered out 97.44%.
2022-08-05 00:46:34,944 - INFO - main:301 - first 10 next_round_words: [('BROIL', 5.0), ('BROTH', 5.0), ('BROWN', 5.0), ('CHOIR', 5.0), ('CRONY', 5.0), ('CROUP', 5.0), ('CROWD', 5.0), ('CROWN', 5.0), ('CURIO', 5.0), ('DROIT', 5.0)]
2022-08-05 00:46:37,575 - INFO - main:169 - Try w/ the word: BROIL.
2022-08-05 00:46:40,462 - INFO - main:214 - feedback_correct_chars: [('R', 2), ('O', 3)]
2022-08-05 00:46:40,463 - INFO - main:215 - feedback_present_chars: [('O', 2), ('R', 4)]
2022-08-05 00:46:40,463 - INFO - main:216 - feedback_absent_chars: ['S', 'A', 'E', 'B', 'I', 'L']
2022-08-05 00:46:40,463 - INFO - main:268 - regex_expr: [^SAEBIL]RO[^SAEBILR][^SAEBIL]
2022-08-05 00:46:40,464 - INFO - main:291 - After attempt #2, the number of qualified words: 24, filtered out 59.32%.
2022-08-05 00:46:40,464 - INFO - main:301 - first 10 next_round_words: [('CRONY', 5.0), ('CROUP', 5.0), ('CROWD', 5.0), ('CROWN', 5.0), ('DROWN', 5.0), ('FROCK', 5.0), ('FROND', 5.0), ('FRONT', 5.0), ('FROTH', 5.0), ('FROWN', 5.0)]
2022-08-05 00:46:40,464 - INFO - main:316 - Already know about 2 letters in the right position, but still too many (24) possibilities. Try scout words.
2022-08-05 00:46:40,515 - INFO - main:336 - Top 5 of the ranked scout words: [('CHUMP', 5, 5.0), ('CHUNK', 5, 5.0), ('DUCHY', 5, 5.0), ('DUMPY', 5, 5.0), ('DUTCH', 5, 5.0)]
2022-08-05 00:46:42,748 - INFO - main:169 - Try w/ the word: CHUMP.
2022-08-05 00:46:45,074 - INFO - main:214 - feedback_correct_chars: [('R', 2), ('O', 3)]
2022-08-05 00:46:45,074 - INFO - main:215 - feedback_present_chars: [('O', 2), ('R', 4), ('H', 2)]
2022-08-05 00:46:45,075 - INFO - main:216 - feedback_absent_chars: ['S', 'A', 'E', 'B', 'I', 'L', 'C', 'U', 'M', 'P']
2022-08-05 00:46:45,075 - INFO - main:268 - regex_expr: [^SAEBILCUMP]RO[^SAEBILCUMPR][^SAEBILCUMP]
2022-08-05 00:46:45,075 - INFO - main:291 - After attempt #3, the number of qualified words: 1, filtered out 95.83%.
2022-08-05 00:46:45,075 - INFO - main:299 - The next_round_words (w/ repeat_propensity) are: [('FROTH', 5.0)]
2022-08-05 00:46:47,560 - INFO - main:169 - Try w/ the word: FROTH.
2022-08-05 00:46:50,210 - INFO - main:214 - feedback_correct_chars: [('R', 2), ('O', 3), ('F', 1), ('T', 4), ('H', 5)]
2022-08-05 00:46:50,211 - INFO - main:215 - feedback_present_chars: [('O', 2), ('R', 4), ('H', 2)]
2022-08-05 00:46:50,211 - INFO - main:216 - feedback_absent_chars: ['S', 'A', 'E', 'B', 'I', 'L', 'C', 'U', 'M', 'P']
2022-08-05 00:46:50,211 - INFO - main:221 - Woohoo! The word is: FROTH!
2022-08-05 00:46:50,212 - INFO - main:223 - Nailed it w/ 4 attempts.
2022-08-05 00:46:59,482 - INFO - main:164 - Playing round 7 of 10.
2022-08-05 00:46:59,482 - INFO - main:169 - Try w/ the word: SOARE.
2022-08-05 00:47:02,363 - INFO - main:214 - feedback_correct_chars: []
2022-08-05 00:47:02,363 - INFO - main:215 - feedback_present_chars: []
2022-08-05 00:47:02,364 - INFO - main:216 - feedback_absent_chars: ['S', 'O', 'A', 'R', 'E']
2022-08-05 00:47:02,364 - INFO - main:268 - regex_expr: [^SOARE][^SOARE][^SOARE][^SOARE][^SOARE]
2022-08-05 00:47:02,378 - INFO - main:291 - After attempt #1, the number of qualified words: 182, filtered out 92.12%.
2022-08-05 00:47:02,378 - INFO - main:301 - first 10 next_round_words: [('BLIMP', 5.0), ('BLIND', 5.0), ('BLINK', 5.0), ('BLITZ', 5.0), ('BLUNT', 5.0), ('BUILD', 5.0), ('BUILT', 5.0), ('BULKY', 5.0), ('BUNCH', 5.0), ('BUTCH', 5.0)]
2022-08-05 00:47:04,738 - INFO - main:169 - Try w/ the word: CIBOL.
2022-08-05 00:47:07,871 - INFO - main:214 - feedback_correct_chars: [('I', 2)]
2022-08-05 00:47:07,871 - INFO - main:215 - feedback_present_chars: [('L', 5)]
2022-08-05 00:47:07,871 - INFO - main:216 - feedback_absent_chars: ['S', 'O', 'A', 'R', 'E', 'C', 'B', 'O']
2022-08-05 00:47:07,872 - INFO - main:268 - regex_expr: [^SOARECBO]I[^SOARECBO][^SOARECBO][^SOARECBOL]
2022-08-05 00:47:07,873 - INFO - main:291 - After attempt #2, the number of qualified words: 12, filtered out 93.41%.
2022-08-05 00:47:07,873 - INFO - main:301 - first 10 next_round_words: [('DIMLY', 5.0), ('FILMY', 5.0), ('FILTH', 5.0), ('LIGHT', 5.0), ('MILKY', 5.0), ('DILLY', 7.0), ('FILLY', 7.0), ('HILLY', 7.0), ('LIMIT', 7.0), ('LIPID', 7.0)]
2022-08-05 00:47:10,396 - INFO - main:169 - Try w/ the word: LIGHT.
2022-08-05 00:47:13,228 - INFO - main:214 - feedback_correct_chars: [('I', 2)]
2022-08-05 00:47:13,229 - INFO - main:215 - feedback_present_chars: [('L', 5), ('L', 1), ('H', 4)]
2022-08-05 00:47:13,229 - INFO - main:216 - feedback_absent_chars: ['S', 'O', 'A', 'R', 'E', 'C', 'B', 'O', 'G', 'T']
2022-08-05 00:47:13,229 - INFO - main:268 - regex_expr: [^SOARECBOGTL]I[^SOARECBOGT][^SOARECBOGTH][^SOARECBOGTL]
2022-08-05 00:47:13,229 - INFO - main:291 - After attempt #3, the number of qualified words: 1, filtered out 91.67%.
2022-08-05 00:47:13,229 - INFO - main:299 - The next_round_words (w/ repeat_propensity) are: [('HILLY', 7.0)]
2022-08-05 00:47:15,913 - INFO - main:169 - Try w/ the word: HILLY.
2022-08-05 00:47:19,057 - INFO - main:214 - feedback_correct_chars: [('I', 2), ('H', 1), ('L', 3), ('L', 4), ('Y', 5)]
2022-08-05 00:47:19,057 - INFO - main:215 - feedback_present_chars: [('L', 5), ('L', 1), ('H', 4)]
2022-08-05 00:47:19,057 - INFO - main:216 - feedback_absent_chars: ['S', 'O', 'A', 'R', 'E', 'C', 'B', 'O', 'G', 'T']
2022-08-05 00:47:19,057 - INFO - main:221 - Woohoo! The word is: HILLY!
2022-08-05 00:47:19,057 - INFO - main:223 - Nailed it w/ 4 attempts.
2022-08-05 00:47:28,094 - INFO - main:164 - Playing round 8 of 10.
2022-08-05 00:47:28,094 - INFO - main:169 - Try w/ the word: SOARE.
2022-08-05 00:47:31,089 - INFO - main:214 - feedback_correct_chars: [('O', 2)]
2022-08-05 00:47:31,090 - INFO - main:215 - feedback_present_chars: [('A', 3), ('R', 4)]
2022-08-05 00:47:31,090 - INFO - main:216 - feedback_absent_chars: ['S', 'E']
2022-08-05 00:47:31,090 - INFO - main:268 - regex_expr: [^SE]O[^SEA][^SER][^SE]
2022-08-05 00:47:31,104 - INFO - main:291 - After attempt #1, the number of qualified words: 8, filtered out 99.65%.
2022-08-05 00:47:31,105 - INFO - main:299 - The next_round_words (w/ repeat_propensity) are: [('BORAX', 5.0), ('CORAL', 5.0), ('FORAY', 5.0), ('MOLAR', 5.0), ('MORAL', 5.0), ('POLAR', 5.0), ('ROYAL', 5.0), ('AORTA', 7.0)]
2022-08-05 00:47:34,021 - INFO - main:169 - Try w/ the word: ROYAL.
2022-08-05 00:47:36,400 - INFO - main:214 - feedback_correct_chars: [('O', 2), ('A', 4)]
2022-08-05 00:47:36,400 - INFO - main:215 - feedback_present_chars: [('A', 3), ('R', 4), ('R', 1), ('L', 5)]
2022-08-05 00:47:36,400 - INFO - main:216 - feedback_absent_chars: ['S', 'E', 'Y']
2022-08-05 00:47:36,400 - INFO - main:268 - regex_expr: [^SEYR]O[^SEYA]A[^SEYL]
2022-08-05 00:47:36,401 - INFO - main:291 - After attempt #2, the number of qualified words: 2, filtered out 75.0%.
2022-08-05 00:47:36,401 - INFO - main:299 - The next_round_words (w/ repeat_propensity) are: [('MOLAR', 5.0), ('POLAR', 5.0)]
2022-08-05 00:47:39,210 - INFO - main:169 - Try w/ the word: MOLAR.
2022-08-05 00:47:41,620 - INFO - main:214 - feedback_correct_chars: [('O', 2), ('A', 4), ('M', 1), ('L', 3), ('R', 5)]
2022-08-05 00:47:41,620 - INFO - main:215 - feedback_present_chars: [('A', 3), ('R', 4), ('R', 1), ('L', 5)]
2022-08-05 00:47:41,620 - INFO - main:216 - feedback_absent_chars: ['S', 'E', 'Y']
2022-08-05 00:47:41,620 - INFO - main:221 - Woohoo! The word is: MOLAR!
2022-08-05 00:47:41,621 - INFO - main:223 - Nailed it w/ 3 attempts.
2022-08-05 00:47:50,734 - INFO - main:164 - Playing round 9 of 10.
2022-08-05 00:47:50,734 - INFO - main:169 - Try w/ the word: SOARE.
2022-08-05 00:47:53,367 - INFO - main:214 - feedback_correct_chars: []
2022-08-05 00:47:53,369 - INFO - main:215 - feedback_present_chars: [('R', 4), ('E', 5)]
2022-08-05 00:47:53,369 - INFO - main:216 - feedback_absent_chars: ['S', 'O', 'A']
2022-08-05 00:47:53,369 - INFO - main:268 - regex_expr: [^SOA][^SOA][^SOA][^SOAR][^SOAE]
2022-08-05 00:47:53,382 - INFO - main:291 - After attempt #1, the number of qualified words: 117, filtered out 94.93%.
2022-08-05 00:47:53,382 - INFO - main:301 - first 10 next_round_words: [('BERTH', 5.0), ('BLUER', 5.0), ('BRIEF', 5.0), ('BUYER', 5.0), ('CIDER', 5.0), ('CREPT', 5.0), ('CRIED', 5.0), ('CRUEL', 5.0), ('CYBER', 5.0), ('DEMUR', 5.0)]
2022-08-05 00:47:55,623 - INFO - main:169 - Try w/ the word: CIBOL.
2022-08-05 00:47:57,883 - INFO - main:214 - feedback_correct_chars: [('C', 1)]
2022-08-05 00:47:57,883 - INFO - main:215 - feedback_present_chars: [('R', 4), ('E', 5), ('I', 2)]
2022-08-05 00:47:57,884 - INFO - main:216 - feedback_absent_chars: ['S', 'O', 'A', 'B', 'O', 'L']
2022-08-05 00:47:57,884 - INFO - main:268 - regex_expr: C[^SOABOLI][^SOABOL][^SOABOLR][^SOABOLE]
2022-08-05 00:47:57,884 - INFO - main:291 - After attempt #2, the number of qualified words: 2, filtered out 98.29%.
2022-08-05 00:47:57,884 - INFO - main:299 - The next_round_words (w/ repeat_propensity) are: [('CRIED', 5.0), ('CRIER', 7.0)]
2022-08-05 00:48:00,562 - INFO - main:169 - Try w/ the word: CRIED.
2022-08-05 00:48:03,172 - INFO - main:214 - feedback_correct_chars: [('C', 1), ('R', 2), ('I', 3), ('E', 4)]
2022-08-05 00:48:03,172 - INFO - main:215 - feedback_present_chars: [('R', 4), ('E', 5), ('I', 2)]
2022-08-05 00:48:03,173 - INFO - main:216 - feedback_absent_chars: ['S', 'O', 'A', 'B', 'O', 'L', 'D']
2022-08-05 00:48:03,173 - INFO - main:268 - regex_expr: CRIE[^SOABOLDE]
2022-08-05 00:48:03,173 - INFO - main:291 - After attempt #3, the number of qualified words: 1, filtered out 50.0%.
2022-08-05 00:48:03,173 - INFO - main:299 - The next_round_words (w/ repeat_propensity) are: [('CRIER', 7.0)]
2022-08-05 00:48:05,643 - INFO - main:169 - Try w/ the word: CRIER.
2022-08-05 00:48:08,165 - INFO - main:214 - feedback_correct_chars: [('C', 1), ('R', 2), ('I', 3), ('E', 4), ('R', 5)]
2022-08-05 00:48:08,165 - INFO - main:215 - feedback_present_chars: [('R', 4), ('E', 5), ('I', 2)]
2022-08-05 00:48:08,165 - INFO - main:216 - feedback_absent_chars: ['S', 'O', 'A', 'B', 'O', 'L', 'D']
2022-08-05 00:48:08,165 - INFO - main:221 - Woohoo! The word is: CRIER!
2022-08-05 00:48:08,165 - INFO - main:223 - Nailed it w/ 4 attempts.
2022-08-05 00:48:17,276 - INFO - main:164 - Playing round 10 of 10.
2022-08-05 00:48:17,276 - INFO - main:169 - Try w/ the word: SOARE.
2022-08-05 00:48:19,507 - INFO - main:214 - feedback_correct_chars: []
2022-08-05 00:48:19,507 - INFO - main:215 - feedback_present_chars: [('R', 4)]
2022-08-05 00:48:19,507 - INFO - main:216 - feedback_absent_chars: ['S', 'O', 'A', 'E']
2022-08-05 00:48:19,507 - INFO - main:268 - regex_expr: [^SOAE][^SOAE][^SOAE][^SOAER][^SOAE]
2022-08-05 00:48:19,519 - INFO - main:291 - After attempt #1, the number of qualified words: 57, filtered out 97.53%.
2022-08-05 00:48:19,519 - INFO - main:301 - first 10 next_round_words: [('BIRCH', 5.0), ('BIRTH', 5.0), ('BRICK', 5.0), ('BRING', 5.0), ('BRINK', 5.0), ('BRINY', 5.0), ('BRUNT', 5.0), ('BURLY', 5.0), ('BURNT', 5.0), ('CRIMP', 5.0)]
2022-08-05 00:48:21,776 - INFO - main:169 - Try w/ the word: BIRCH.
2022-08-05 00:48:24,754 - INFO - main:214 - feedback_correct_chars: [('B', 1)]
2022-08-05 00:48:24,754 - INFO - main:215 - feedback_present_chars: [('R', 4), ('I', 2), ('R', 3)]
2022-08-05 00:48:24,754 - INFO - main:216 - feedback_absent_chars: ['S', 'O', 'A', 'E', 'C', 'H']
2022-08-05 00:48:24,755 - INFO - main:268 - regex_expr: B[^SOAECHI][^SOAECHR][^SOAECHR][^SOAECH]
2022-08-05 00:48:24,755 - INFO - main:291 - After attempt #2, the number of qualified words: 3, filtered out 94.74%.
2022-08-05 00:48:24,755 - INFO - main:299 - The next_round_words (w/ repeat_propensity) are: [('BRING', 5.0), ('BRINK', 5.0), ('BRINY', 5.0)]
2022-08-05 00:48:27,392 - INFO - main:169 - Try w/ the word: BRING.
2022-08-05 00:48:30,040 - INFO - main:214 - feedback_correct_chars: [('B', 1), ('R', 2), ('I', 3), ('N', 4)]
2022-08-05 00:48:30,040 - INFO - main:215 - feedback_present_chars: [('R', 4), ('I', 2), ('R', 3)]
2022-08-05 00:48:30,041 - INFO - main:216 - feedback_absent_chars: ['S', 'O', 'A', 'E', 'C', 'H', 'G']
2022-08-05 00:48:30,041 - INFO - main:268 - regex_expr: BRIN[^SOAECHG]
2022-08-05 00:48:30,041 - INFO - main:291 - After attempt #3, the number of qualified words: 2, filtered out 33.33%.
2022-08-05 00:48:30,041 - INFO - main:299 - The next_round_words (w/ repeat_propensity) are: [('BRINK', 5.0), ('BRINY', 5.0)]
2022-08-05 00:48:32,250 - INFO - main:169 - Try w/ the word: BRINK.
2022-08-05 00:48:35,306 - INFO - main:214 - feedback_correct_chars: [('B', 1), ('R', 2), ('I', 3), ('N', 4)]
2022-08-05 00:48:35,306 - INFO - main:215 - feedback_present_chars: [('R', 4), ('I', 2), ('R', 3)]
2022-08-05 00:48:35,307 - INFO - main:216 - feedback_absent_chars: ['S', 'O', 'A', 'E', 'C', 'H', 'G', 'K']
2022-08-05 00:48:35,307 - INFO - main:268 - regex_expr: BRIN[^SOAECHGK]
2022-08-05 00:48:35,307 - INFO - main:291 - After attempt #4, the number of qualified words: 1, filtered out 50.0%.
2022-08-05 00:48:35,307 - INFO - main:299 - The next_round_words (w/ repeat_propensity) are: [('BRINY', 5.0)]
2022-08-05 00:48:37,873 - INFO - main:169 - Try w/ the word: BRINY.
2022-08-05 00:48:40,899 - INFO - main:214 - feedback_correct_chars: [('B', 1), ('R', 2), ('I', 3), ('N', 4), ('Y', 5)]
2022-08-05 00:48:40,899 - INFO - main:215 - feedback_present_chars: [('R', 4), ('I', 2), ('R', 3)]
2022-08-05 00:48:40,900 - INFO - main:216 - feedback_absent_chars: ['S', 'O', 'A', 'E', 'C', 'H', 'G', 'K']
2022-08-05 00:48:40,900 - INFO - main:221 - Woohoo! The word is: BRINY!
2022-08-05 00:48:40,900 - INFO - main:223 - Nailed it w/ 5 attempts.
2022-08-05 01:16:46,396 - INFO - main:400 - None
2022-08-05 01:16:46,397 - ERROR - main:401 - Exception occurred: No module named 'pyshadow'!
2022-08-05 01:17:47,644 - INFO - main:400 - None
2022-08-05 01:17:47,644 - ERROR - main:401 - Exception occurred: 'WebDriver' object has no attribute 'find_elements_by_xpath'!
2022-08-05 01:19:18,853 - INFO - main:154 - Playing round 1 of 3.
2022-08-05 01:19:18,853 - INFO - main:159 - Try w/ the word: SOARE.
2022-08-05 01:19:21,802 - INFO - main:204 - feedback_correct_chars: []
2022-08-05 01:19:21,802 - INFO - main:205 - feedback_present_chars: []
2022-08-05 01:19:21,802 - INFO - main:206 - feedback_absent_chars: ['S', 'O', 'A', 'R', 'E']
2022-08-05 01:19:21,802 - INFO - main:253 - regex_expr: [^SOARE][^SOARE][^SOARE][^SOARE][^SOARE]
2022-08-05 01:19:21,815 - INFO - main:276 - After attempt #1, the number of qualified words: 182, filtered out 92.12%.
2022-08-05 01:19:21,815 - INFO - main:286 - first 10 next_round_words: [('BLIMP', 5.0), ('BLIND', 5.0), ('BLINK', 5.0), ('BLITZ', 5.0), ('BLUNT', 5.0), ('BUILD', 5.0), ('BUILT', 5.0), ('BULKY', 5.0), ('BUNCH', 5.0), ('BUTCH', 5.0)]
2022-08-05 01:19:23,984 - INFO - main:159 - Try w/ the word: CIBOL.
2022-08-05 01:19:26,369 - INFO - main:204 - feedback_correct_chars: []
2022-08-05 01:19:26,370 - INFO - main:205 - feedback_present_chars: [('C', 1)]
2022-08-05 01:19:26,370 - INFO - main:206 - feedback_absent_chars: ['S', 'O', 'A', 'R', 'E', 'I', 'B', 'O', 'L']
2022-08-05 01:19:26,370 - INFO - main:253 - regex_expr: [^SOAREIBOLC][^SOAREIBOL][^SOAREIBOL][^SOAREIBOL][^SOAREIBOL]
2022-08-05 01:19:26,370 - INFO - main:276 - After attempt #2, the number of qualified words: 8, filtered out 95.6%.
2022-08-05 01:19:26,370 - INFO - main:284 - The next_round_words (w/ repeat_propensity) are: [('DUCHY', 5.0), ('DUTCH', 5.0), ('MUCKY', 5.0), ('MUNCH', 5.0), ('PUNCH', 5.0), ('HUNCH', 7.0), ('HUTCH', 7.0), ('UNCUT', 7.0)]
2022-08-05 01:19:28,631 - INFO - main:159 - Try w/ the word: DUCHY.
2022-08-05 01:19:30,982 - INFO - main:204 - feedback_correct_chars: [('U', 2), ('C', 3), ('Y', 5)]
2022-08-05 01:19:30,982 - INFO - main:205 - feedback_present_chars: [('C', 1)]
2022-08-05 01:19:30,982 - INFO - main:206 - feedback_absent_chars: ['S', 'O', 'A', 'R', 'E', 'I', 'B', 'O', 'L', 'D', 'H']
2022-08-05 01:19:30,982 - INFO - main:253 - regex_expr: [^SOAREIBOLDHC]UC[^SOAREIBOLDH]Y
2022-08-05 01:19:30,983 - INFO - main:276 - After attempt #3, the number of qualified words: 1, filtered out 87.5%.
2022-08-05 01:19:30,983 - INFO - main:284 - The next_round_words (w/ repeat_propensity) are: [('MUCKY', 5.0)]
2022-08-05 01:19:33,508 - INFO - main:159 - Try w/ the word: MUCKY.
2022-08-05 01:19:36,521 - INFO - main:204 - feedback_correct_chars: [('U', 2), ('C', 3), ('Y', 5), ('M', 1), ('K', 4)]
2022-08-05 01:19:36,522 - INFO - main:205 - feedback_present_chars: [('C', 1)]
2022-08-05 01:19:36,522 - INFO - main:206 - feedback_absent_chars: ['S', 'O', 'A', 'R', 'E', 'I', 'B', 'O', 'L', 'D', 'H']
2022-08-05 01:19:36,522 - INFO - main:211 - Woohoo! The word is: MUCKY!
2022-08-05 01:19:36,522 - INFO - main:213 - Nailed it w/ 4 attempts.
2022-08-05 01:19:44,664 - INFO - main:154 - Playing round 2 of 3.
2022-08-05 01:19:44,665 - INFO - main:159 - Try w/ the word: SOARE.
2022-08-05 01:19:47,308 - INFO - main:204 - feedback_correct_chars: []
2022-08-05 01:19:47,308 - INFO - main:205 - feedback_present_chars: [('E', 5)]
2022-08-05 01:19:47,308 - INFO - main:206 - feedback_absent_chars: ['S', 'O', 'A', 'R']
2022-08-05 01:19:47,308 - INFO - main:253 - regex_expr: [^SOAR][^SOAR][^SOAR][^SOAR][^SOARE]
2022-08-05 01:19:47,320 - INFO - main:276 - After attempt #1, the number of qualified words: 119, filtered out 94.85%.
2022-08-05 01:19:47,320 - INFO - main:286 - first 10 next_round_words: [('BEFIT', 5.0), ('BEGIN', 5.0), ('BEGUN', 5.0), ('BEING', 5.0), ('BELCH', 5.0), ('BENCH', 5.0), ('BICEP', 5.0), ('BLEND', 5.0), ('CHIEF', 5.0), ('CLEFT', 5.0)]
2022-08-05 01:19:50,225 - INFO - main:159 - Try w/ the word: CIBOL.
2022-08-05 01:19:52,661 - INFO - main:199 - XXXXXXX - Something went wrong w/ the evaluation of the letter!
2022-08-05 01:19:52,662 - INFO - main:200 - None
2022-08-05 01:19:52,662 - INFO - main:204 - feedback_correct_chars: []
2022-08-05 01:19:52,662 - INFO - main:205 - feedback_present_chars: [('E', 5)]
2022-08-05 01:19:52,662 - INFO - main:206 - feedback_absent_chars: ['S', 'O', 'A', 'R']
2022-08-05 01:19:52,662 - INFO - main:253 - regex_expr: [^SOAR][^SOAR][^SOAR][^SOAR][^SOARE]
2022-08-05 01:19:52,662 - INFO - main:276 - After attempt #2, the number of qualified words: 119, filtered out 0.0%.
2022-08-05 01:19:52,662 - INFO - main:286 - first 10 next_round_words: [('BEFIT', 5.0), ('BEGIN', 5.0), ('BEGUN', 5.0), ('BEING', 5.0), ('BELCH', 5.0), ('BENCH', 5.0), ('BICEP', 5.0), ('BLEND', 5.0), ('CHIEF', 5.0), ('CLEFT', 5.0)]
2022-08-05 01:19:54,875 - INFO - main:159 - Try w/ the word: DEPTH.
2022-08-05 01:19:57,858 - INFO - main:199 - XXXXXXX - Something went wrong w/ the evaluation of the letter!
2022-08-05 01:19:57,858 - INFO - main:200 - None
2022-08-05 01:19:57,858 - INFO - main:204 - feedback_correct_chars: []
2022-08-05 01:19:57,858 - INFO - main:205 - feedback_present_chars: [('E', 5)]
2022-08-05 01:19:57,859 - INFO - main:206 - feedback_absent_chars: ['S', 'O', 'A', 'R']
2022-08-05 01:19:57,859 - INFO - main:253 - regex_expr: [^SOAR][^SOAR][^SOAR][^SOAR][^SOARE]
2022-08-05 01:19:57,859 - INFO - main:276 - After attempt #3, the number of qualified words: 119, filtered out 0.0%.
2022-08-05 01:19:57,859 - INFO - main:286 - first 10 next_round_words: [('BEFIT', 5.0), ('BEGIN', 5.0), ('BEGUN', 5.0), ('BEING', 5.0), ('BELCH', 5.0), ('BENCH', 5.0), ('BICEP', 5.0), ('BLEND', 5.0), ('CHIEF', 5.0), ('CLEFT', 5.0)]
2022-08-05 01:20:00,578 - INFO - main:159 - Try w/ the word: BEGIN.
2022-08-05 01:20:03,197 - INFO - main:199 - XXXXXXX - Something went wrong w/ the evaluation of the letter!
2022-08-05 01:20:03,197 - INFO - main:200 - None
2022-08-05 01:20:03,197 - INFO - main:204 - feedback_correct_chars: []
2022-08-05 01:20:03,197 - INFO - main:205 - feedback_present_chars: [('E', 5)]
2022-08-05 01:20:03,197 - INFO - main:206 - feedback_absent_chars: ['S', 'O', 'A', 'R']
2022-08-05 01:20:03,197 - INFO - main:253 - regex_expr: [^SOAR][^SOAR][^SOAR][^SOAR][^SOARE]
2022-08-05 01:20:03,198 - INFO - main:276 - After attempt #4, the number of qualified words: 119, filtered out 0.0%.
2022-08-05 01:20:03,198 - INFO - main:286 - first 10 next_round_words: [('BEFIT', 5.0), ('BEGIN', 5.0), ('BEGUN', 5.0), ('BEING', 5.0), ('BELCH', 5.0), ('BENCH', 5.0), ('BICEP', 5.0), ('BLEND', 5.0), ('CHIEF', 5.0), ('CLEFT', 5.0)]
2022-08-05 01:20:05,386 - INFO - main:159 - Try w/ the word: CHIEF.
2022-08-05 01:20:08,219 - INFO - main:199 - XXXXXXX - Something went wrong w/ the evaluation of the letter!
2022-08-05 01:20:08,219 - INFO - main:200 - None
2022-08-05 01:20:08,219 - INFO - main:204 - feedback_correct_chars: []
2022-08-05 01:20:08,219 - INFO - main:205 - feedback_present_chars: [('E', 5)]
2022-08-05 01:20:08,220 - INFO - main:206 - feedback_absent_chars: ['S', 'O', 'A', 'R']
2022-08-05 01:20:08,220 - INFO - main:253 - regex_expr: [^SOAR][^SOAR][^SOAR][^SOAR][^SOARE]
2022-08-05 01:20:08,220 - INFO - main:276 - After attempt #5, the number of qualified words: 119, filtered out 0.0%.
2022-08-05 01:20:08,220 - INFO - main:286 - first 10 next_round_words: [('BEFIT', 5.0), ('BEGIN', 5.0), ('BEGUN', 5.0), ('BEING', 5.0), ('BELCH', 5.0), ('BENCH', 5.0), ('BICEP', 5.0), ('BLEND', 5.0), ('CHIEF', 5.0), ('CLEFT', 5.0)]
2022-08-05 01:20:10,691 - INFO - main:159 - Try w/ the word: BEGIN.
2022-08-05 01:20:13,118 - INFO - main:199 - XXXXXXX - Something went wrong w/ the evaluation of the letter!
2022-08-05 01:20:13,118 - INFO - main:200 - None
2022-08-05 01:20:13,118 - INFO - main:204 - feedback_correct_chars: []
2022-08-05 01:20:13,118 - INFO - main:205 - feedback_present_chars: [('E', 5)]
2022-08-05 01:20:13,118 - INFO - main:206 - feedback_absent_chars: ['S', 'O', 'A', 'R']
2022-08-05 01:20:13,118 - WARNING - main:221 - The bot failed to solve this wordle!
2022-08-05 01:20:13,118 - INFO - main:229 - Still to-be-tried words by the bot: [('BEFIT', 5.0), ('BEGUN', 5.0), ('BEING', 5.0), ('BELCH', 5.0), ('BENCH', 5.0), ('BICEP', 5.0), ('BLEND', 5.0), ('CHIEF', 5.0), ('CLEFT', 5.0), ('CLUED', 5.0), ('DEBIT', 5.0), ('DEBUG', 5.0), ('DEBUT', 5.0), ('DEIGN', 5.0), ('DEITY', 5.0), ('DENIM', 5.0), ('DEPTH', 5.0), ('DEVIL', 5.0), ('DICEY', 5.0), ('DUVET', 5.0), ('DWELT', 5.0), ('EDICT', 5.0), ('EDIFY', 5.0), ('EIGHT', 5.0), ('EKING', 5.0), ('ELFIN', 5.0), ('EMPTY', 5.0), ('EQUIP', 5.0), ('ETHIC', 5.0), ('EVICT', 5.0), ('EXULT', 5.0), ('EYING', 5.0), ('FEIGN', 5.0), ('FETCH', 5.0), ('FETID', 5.0), ('FIELD', 5.0), ('FIEND', 5.0), ('FILET', 5.0), ('FLECK', 5.0), ('GIVEN', 5.0), ('HEFTY', 5.0), ('HELIX', 5.0), ('HYMEN', 5.0), ('IMPEL', 5.0), ('INDEX', 5.0), ('INEPT', 5.0), ('INLET', 5.0), ('KNELT', 5.0), ('LEFTY', 5.0), ('LIKEN', 5.0), ('LUMEN', 5.0), ('MEDIC', 5.0), ('NEIGH', 5.0), ('NEWLY', 5.0), ('PIETY', 5.0), ('PINEY', 5.0), ('PIXEL', 5.0), ('PLIED', 5.0), ('QUIET', 5.0), ('TEPID', 5.0), ('THIEF', 5.0), ('UNFED', 5.0), ('UNMET', 5.0), ('UNWED', 5.0), ('VIXEN', 5.0), ('WEIGH', 5.0), ('WELCH', 5.0), ('WHELP', 5.0), ('WIDEN', 5.0), ('WIELD', 5.0), ('YIELD', 5.0), ('BEECH', 7.0), ('BEEFY', 7.0), ('BEGET', 7.0), ('BELLY', 7.0), ('BETEL', 7.0), ('BEVEL', 7.0), ('BEZEL', 7.0), ('BLEED', 7.0), ('BLEEP', 7.0), ('CHECK', 7.0), ('CHEEK', 7.0), ('DWELL', 7.0), ('EJECT', 7.0), ('ELECT', 7.0), ('ELEGY', 7.0), ('EMBED', 7.0), ('ENEMY', 7.0), ('ENNUI', 7.0), ('EVENT', 7.0), ('EXCEL', 7.0), ('EXPEL', 7.0), ('FLEET', 7.0), ('GEEKY', 7.0), ('JELLY', 7.0), ('JETTY', 7.0), ('JEWEL', 7.0), ('KNEED', 7.0), ('KNEEL', 7.0), ('LEECH', 7.0), ('LEGGY', 7.0), ('LIBEL', 7.0), ('LINEN', 7.0), ('NEEDY', 7.0), ('PENNY', 7.0), ('PETTY', 7.0), ('QUEEN', 7.0), ('QUELL', 7.0), ('TEDDY', 7.0), ('TENTH', 7.0), ('THEFT', 7.0), ('TWEED', 7.0), ('WEEDY', 7.0), ('WHEEL', 7.0), ('LEVEL', 9.0), ('TEETH', 9.0), ('TENET', 9.0), ('TWEET', 9.0)]
2022-08-05 01:20:19,357 - WARNING - main:365 - The correct word was not rendered!
2022-08-05 01:20:19,369 - INFO - main:400 - None
2022-08-05 01:20:19,369 - ERROR - main:401 - Exception occurred: Message: Element with CSS #refresh-button is not in dom
!
2022-08-05 01:34:58,723 - INFO - main:154 - Playing round 1 of 3.
2022-08-05 01:34:58,724 - INFO - main:159 - Try w/ the word: SOARE.
2022-08-05 01:35:01,832 - INFO - main:201 - feedback_correct_chars: []
2022-08-05 01:35:01,832 - INFO - main:202 - feedback_present_chars: [('O', 2), ('A', 3), ('R', 4)]
2022-08-05 01:35:01,832 - INFO - main:203 - feedback_absent_chars: ['S', 'E']
2022-08-05 01:35:01,832 - INFO - main:248 - regex_expr: [^SE][^SEO][^SEA][^SER][^SE]
2022-08-05 01:35:01,844 - INFO - main:267 - After attempt #1, the number of qualified words: 27, filtered out 98.83%.
2022-08-05 01:35:01,844 - INFO - main:277 - first 10 next_round_words: [('ABHOR', 5.0), ('ACTOR', 5.0), ('APRON', 5.0), ('BARON', 5.0), ('BROAD', 5.0), ('CARGO', 5.0), ('CAROL', 5.0), ('CROAK', 5.0), ('FAVOR', 5.0), ('GROAN', 5.0)]
2022-08-05 01:35:04,434 - INFO - main:159 - Try w/ the word: RADIO.
2022-08-05 01:35:07,471 - INFO - main:201 - feedback_correct_chars: [('D', 3)]
2022-08-05 01:35:07,471 - INFO - main:202 - feedback_present_chars: [('O', 2), ('A', 3), ('R', 4), ('R', 1), ('A', 2), ('O', 5)]
2022-08-05 01:35:07,471 - INFO - main:203 - feedback_absent_chars: ['S', 'E', 'I']
2022-08-05 01:35:07,471 - INFO - main:248 - regex_expr: [^SEIR][^SEIOA]D[^SEIR][^SEIO]
2022-08-05 01:35:07,472 - INFO - main:267 - After attempt #2, the number of qualified words: 1, filtered out 96.3%.
2022-08-05 01:35:07,472 - INFO - main:275 - The next_round_words (w/ repeat_propensity) are: [('ARDOR', 7.0)]
2022-08-05 01:35:10,013 - INFO - main:159 - Try w/ the word: ARDOR.
2022-08-05 01:35:13,212 - INFO - main:201 - feedback_correct_chars: [('D', 3), ('A', 1), ('R', 2), ('O', 4), ('R', 5)]
2022-08-05 01:35:13,212 - INFO - main:202 - feedback_present_chars: [('O', 2), ('A', 3), ('R', 4), ('R', 1), ('A', 2), ('O', 5)]
2022-08-05 01:35:13,212 - INFO - main:203 - feedback_absent_chars: ['S', 'E', 'I']
2022-08-05 01:35:13,212 - INFO - main:208 - Woohoo! The word is: ARDOR!
2022-08-05 01:35:13,213 - INFO - main:210 - Nailed it w/ 3 attempts.
2022-08-05 01:35:22,886 - INFO - main:154 - Playing round 2 of 3.
2022-08-05 01:35:22,887 - INFO - main:159 - Try w/ the word: SOARE.
2022-08-05 01:35:25,647 - INFO - main:201 - feedback_correct_chars: []
2022-08-05 01:35:25,648 - INFO - main:202 - feedback_present_chars: []
2022-08-05 01:35:25,648 - INFO - main:203 - feedback_absent_chars: ['S', 'O', 'A', 'R', 'E']
2022-08-05 01:35:25,648 - INFO - main:248 - regex_expr: [^SOARE][^SOARE][^SOARE][^SOARE][^SOARE]
2022-08-05 01:35:25,659 - INFO - main:267 - After attempt #1, the number of qualified words: 182, filtered out 92.12%.
2022-08-05 01:35:25,660 - INFO - main:277 - first 10 next_round_words: [('BLIMP', 5.0), ('BLIND', 5.0), ('BLINK', 5.0), ('BLITZ', 5.0), ('BLUNT', 5.0), ('BUILD', 5.0), ('BUILT', 5.0), ('BULKY', 5.0), ('BUNCH', 5.0), ('BUTCH', 5.0)]
2022-08-05 01:35:27,663 - INFO - main:159 - Try w/ the word: CIBOL.
2022-08-05 01:35:30,063 - INFO - main:201 - feedback_correct_chars: [('I', 2)]
2022-08-05 01:35:30,063 - INFO - main:202 - feedback_present_chars: []
2022-08-05 01:35:30,063 - INFO - main:203 - feedback_absent_chars: ['S', 'O', 'A', 'R', 'E', 'C', 'B', 'O', 'L']
2022-08-05 01:35:30,063 - INFO - main:248 - regex_expr: [^SOARECBOL]I[^SOARECBOL][^SOARECBOL][^SOARECBOL]
2022-08-05 01:35:30,064 - INFO - main:267 - After attempt #2, the number of qualified words: 30, filtered out 83.52%.
2022-08-05 01:35:30,064 - INFO - main:277 - first 10 next_round_words: [('DINGY', 5.0), ('FIGHT', 5.0), ('MIGHT', 5.0), ('MINTY', 5.0), ('NIGHT', 5.0), ('PINKY', 5.0), ('PITHY', 5.0), ('WIDTH', 5.0), ('WIGHT', 5.0), ('WIMPY', 5.0)]
2022-08-05 01:35:32,839 - INFO - main:159 - Try w/ the word: DINGY.
2022-08-05 01:35:35,211 - INFO - main:201 - feedback_correct_chars: [('I', 2), ('Y', 5)]
2022-08-05 01:35:35,212 - INFO - main:202 - feedback_present_chars: []
2022-08-05 01:35:35,212 - INFO - main:203 - feedback_absent_chars: ['S', 'O', 'A', 'R', 'E', 'C', 'B', 'O', 'L', 'D', 'N', 'G']
2022-08-05 01:35:35,212 - INFO - main:248 - regex_expr: [^SOARECBOLDNG]I[^SOARECBOLDNG][^SOARECBOLDNG]Y
2022-08-05 01:35:35,212 - INFO - main:267 - After attempt #3, the number of qualified words: 8, filtered out 73.33%.
2022-08-05 01:35:35,212 - INFO - main:275 - The next_round_words (w/ repeat_propensity) are: [('PITHY', 5.0), ('WIMPY', 5.0), ('FIFTY', 7.0), ('FIZZY', 7.0), ('HIPPY', 7.0), ('JIFFY', 7.0), ('KITTY', 7.0), ('WITTY', 7.0)]
2022-08-05 01:35:35,212 - INFO - main:292 - Already know about 2 letters in the right position, but still too many (8) possibilities. Try scout words.
2022-08-05 01:35:35,245 - INFO - main:312 - Top 5 of the ranked scout words: [('THUMP', 4, 5.0), ('CHAMP', 3, 5.0), ('CHUMP', 3, 5.0), ('DEPTH', 3, 5.0), ('EMPTY', 3, 5.0)]
2022-08-05 01:35:38,038 - INFO - main:159 - Try w/ the word: THUMP.
2022-08-05 01:35:40,776 - INFO - main:201 - feedback_correct_chars: [('I', 2), ('Y', 5)]
2022-08-05 01:35:40,776 - INFO - main:202 - feedback_present_chars: [('M', 4), ('P', 5)]
2022-08-05 01:35:40,776 - INFO - main:203 - feedback_absent_chars: ['S', 'O', 'A', 'R', 'E', 'C', 'B', 'O', 'L', 'D', 'N', 'G', 'T', 'H', 'U']
2022-08-05 01:35:40,776 - INFO - main:248 - regex_expr: [^SOARECBOLDNGTHU]I[^SOARECBOLDNGTHU][^SOARECBOLDNGTHUM]Y
2022-08-05 01:35:40,777 - INFO - main:267 - After attempt #4, the number of qualified words: 1, filtered out 87.5%.
2022-08-05 01:35:40,777 - INFO - main:275 - The next_round_words (w/ repeat_propensity) are: [('WIMPY', 5.0)]
2022-08-05 01:35:43,578 - INFO - main:159 - Try w/ the word: WIMPY.
2022-08-05 01:35:45,836 - INFO - main:201 - feedback_correct_chars: [('I', 2), ('Y', 5), ('W', 1), ('M', 3), ('P', 4)]
2022-08-05 01:35:45,836 - INFO - main:202 - feedback_present_chars: [('M', 4), ('P', 5)]
2022-08-05 01:35:45,836 - INFO - main:203 - feedback_absent_chars: ['S', 'O', 'A', 'R', 'E', 'C', 'B', 'O', 'L', 'D', 'N', 'G', 'T', 'H', 'U']
2022-08-05 01:35:45,836 - INFO - main:208 - Woohoo! The word is: WIMPY!
2022-08-05 01:35:45,836 - INFO - main:210 - Nailed it w/ 5 attempts.
2022-08-05 01:35:54,695 - INFO - main:154 - Playing round 3 of 3.
2022-08-05 01:35:54,695 - INFO - main:159 - Try w/ the word: SOARE.
2022-08-05 01:35:57,703 - INFO - main:201 - feedback_correct_chars: [('O', 2)]
2022-08-05 01:35:57,703 - INFO - main:202 - feedback_present_chars: [('R', 4)]
2022-08-05 01:35:57,704 - INFO - main:203 - feedback_absent_chars: ['S', 'A', 'E']
2022-08-05 01:35:57,704 - INFO - main:248 - regex_expr: [^SAE]O[^SAE][^SAER][^SAE]
2022-08-05 01:35:57,720 - INFO - main:267 - After attempt #1, the number of qualified words: 26, filtered out 98.87%.
2022-08-05 01:35:57,720 - INFO - main:277 - first 10 next_round_words: [('CORNY', 5.0), ('FORTH', 5.0), ('FORTY', 5.0), ('FORUM', 5.0), ('HORNY', 5.0), ('MORPH', 5.0), ('NORTH', 5.0), ('PORCH', 5.0), ('ROBIN', 5.0), ('ROCKY', 5.0)]
2022-08-05 01:36:00,230 - INFO - main:159 - Try w/ the word: ROBIN.
2022-08-05 01:36:03,246 - INFO - main:201 - feedback_correct_chars: [('O', 2)]
2022-08-05 01:36:03,246 - INFO - main:202 - feedback_present_chars: [('R', 4), ('R', 1)]
2022-08-05 01:36:03,246 - INFO - main:203 - feedback_absent_chars: ['S', 'A', 'E', 'B', 'I', 'N']
2022-08-05 01:36:03,247 - INFO - main:248 - regex_expr: [^SAEBINR]O[^SAEBIN][^SAEBINR][^SAEBIN]
2022-08-05 01:36:03,247 - INFO - main:267 - After attempt #2, the number of qualified words: 12, filtered out 53.85%.
2022-08-05 01:36:03,247 - INFO - main:277 - first 10 next_round_words: [('FORTH', 5.0), ('FORTY', 5.0), ('FORUM', 5.0), ('MORPH', 5.0), ('PORCH', 5.0), ('TORCH', 5.0), ('WORDY', 5.0), ('WORLD', 5.0), ('WORTH', 5.0), ('COLOR', 7.0)]
2022-08-05 01:36:05,579 - INFO - main:159 - Try w/ the word: FORTH.
2022-08-05 01:36:08,089 - INFO - main:196 - XXXXXXX - Something went wrong w/ the evaluation of the letter!
2022-08-05 01:36:08,089 - INFO - main:197 - None
2022-08-05 01:36:08,090 - INFO - main:201 - feedback_correct_chars: [('O', 2)]
2022-08-05 01:36:08,090 - INFO - main:202 - feedback_present_chars: [('R', 4), ('R', 1)]
2022-08-05 01:36:08,090 - INFO - main:203 - feedback_absent_chars: ['S', 'A', 'E', 'B', 'I', 'N']
2022-08-05 01:36:08,090 - INFO - main:248 - regex_expr: [^SAEBINR]O[^SAEBIN][^SAEBINR][^SAEBIN]
2022-08-05 01:36:08,090 - INFO - main:267 - After attempt #3, the number of qualified words: 12, filtered out 0.0%.
2022-08-05 01:36:08,090 - INFO - main:277 - first 10 next_round_words: [('FORTH', 5.0), ('FORTY', 5.0), ('FORUM', 5.0), ('MORPH', 5.0), ('PORCH', 5.0), ('TORCH', 5.0), ('WORDY', 5.0), ('WORLD', 5.0), ('WORTH', 5.0), ('COLOR', 7.0)]
2022-08-05 01:36:10,244 - INFO - main:159 - Try w/ the word: WORDY.
2022-08-05 01:36:12,418 - INFO - main:196 - XXXXXXX - Something went wrong w/ the evaluation of the letter!
2022-08-05 01:36:12,419 - INFO - main:197 - None
2022-08-05 01:36:12,419 - INFO - main:201 - feedback_correct_chars: [('O', 2)]
2022-08-05 01:36:12,420 - INFO - main:202 - feedback_present_chars: [('R', 4), ('R', 1)]
2022-08-05 01:36:12,420 - INFO - main:203 - feedback_absent_chars: ['S', 'A', 'E', 'B', 'I', 'N']
2022-08-05 01:36:12,420 - INFO - main:248 - regex_expr: [^SAEBINR]O[^SAEBIN][^SAEBINR][^SAEBIN]
2022-08-05 01:36:12,420 - INFO - main:267 - After attempt #4, the number of qualified words: 12, filtered out 0.0%.
2022-08-05 01:36:12,420 - INFO - main:277 - first 10 next_round_words: [('FORTH', 5.0), ('FORTY', 5.0), ('FORUM', 5.0), ('MORPH', 5.0), ('PORCH', 5.0), ('TORCH', 5.0), ('WORDY', 5.0), ('WORLD', 5.0), ('WORTH', 5.0), ('COLOR', 7.0)]
2022-08-05 01:36:14,803 - INFO - main:159 - Try w/ the word: FORTH.
2022-08-05 01:36:17,538 - INFO - main:196 - XXXXXXX - Something went wrong w/ the evaluation of the letter!
2022-08-05 01:36:17,538 - INFO - main:197 - None
2022-08-05 01:36:17,538 - INFO - main:201 - feedback_correct_chars: [('O', 2)]
2022-08-05 01:36:17,538 - INFO - main:202 - feedback_present_chars: [('R', 4), ('R', 1)]
2022-08-05 01:36:17,538 - INFO - main:203 - feedback_absent_chars: ['S', 'A', 'E', 'B', 'I', 'N']
2022-08-05 01:36:17,539 - INFO - main:248 - regex_expr: [^SAEBINR]O[^SAEBIN][^SAEBINR][^SAEBIN]
2022-08-05 01:36:17,539 - INFO - main:267 - After attempt #5, the number of qualified words: 12, filtered out 0.0%.
2022-08-05 01:36:17,539 - INFO - main:277 - first 10 next_round_words: [('FORTH', 5.0), ('FORTY', 5.0), ('FORUM', 5.0), ('MORPH', 5.0), ('PORCH', 5.0), ('TORCH', 5.0), ('WORDY', 5.0), ('WORLD', 5.0), ('WORTH', 5.0), ('COLOR', 7.0)]
2022-08-05 01:36:19,773 - INFO - main:159 - Try w/ the word: WORDY.
2022-08-05 01:36:21,950 - INFO - main:196 - XXXXXXX - Something went wrong w/ the evaluation of the letter!
2022-08-05 01:36:21,950 - INFO - main:197 - None
2022-08-05 01:36:21,950 - INFO - main:201 - feedback_correct_chars: [('O', 2)]
2022-08-05 01:36:21,950 - INFO - main:202 - feedback_present_chars: [('R', 4), ('R', 1)]
2022-08-05 01:36:21,950 - INFO - main:203 - feedback_absent_chars: ['S', 'A', 'E', 'B', 'I', 'N']
2022-08-05 01:36:21,951 - WARNING - main:218 - The bot failed to solve this wordle!
2022-08-05 01:36:21,951 - INFO - main:226 - Still to-be-tried words by the bot: [('FORTH', 5.0), ('FORTY', 5.0), ('FORUM', 5.0), ('MORPH', 5.0), ('PORCH', 5.0), ('TORCH', 5.0), ('WORLD', 5.0), ('WORTH', 5.0), ('COLOR', 7.0), ('FORGO', 7.0), ('MOTOR', 7.0)]
2022-08-05 01:36:27,831 - WARNING - main:355 - The correct word was not rendered!
2022-08-05 01:37:14,077 - INFO - main:390 - None
2022-08-05 01:37:14,077 - ERROR - main:391 - Exception occurred: Message: Element with CSS #share-button is not in dom
!
2022-08-05 21:29:03,960 - INFO - main:136 - Try w/ the word: SOARE.
2022-08-05 21:29:06,730 - INFO - main:173 - feedback_correct_chars: []
2022-08-05 21:29:06,731 - INFO - main:174 - feedback_present_chars: []
2022-08-05 21:29:06,731 - INFO - main:175 - feedback_absent_chars: ['S', 'O', 'A', 'R', 'E']
2022-08-05 21:29:06,731 - INFO - main:220 - regex_expr: [^SOARE][^SOARE][^SOARE][^SOARE][^SOARE]
2022-08-05 21:29:06,743 - INFO - main:238 - After attempt #1, the number of qualified words: 182, filtered out 92.12%.
2022-08-05 21:29:06,743 - INFO - main:248 - first 10 next_round_words: [('BLIMP', 5.0), ('BLIND', 5.0), ('BLINK', 5.0), ('BLITZ', 5.0), ('BLUNT', 5.0), ('BUILD', 5.0), ('BUILT', 5.0), ('BULKY', 5.0), ('BUNCH', 5.0), ('BUTCH', 5.0)]
2022-08-05 21:29:09,466 - INFO - main:136 - Try w/ the word: CIBOL.
2022-08-05 21:29:12,529 - INFO - main:173 - feedback_correct_chars: []
2022-08-05 21:29:12,529 - INFO - main:174 - feedback_present_chars: [('B', 3)]
2022-08-05 21:29:12,529 - INFO - main:175 - feedback_absent_chars: ['S', 'O', 'A', 'R', 'E', 'C', 'I', 'O', 'L']
2022-08-05 21:29:12,530 - INFO - main:220 - regex_expr: [^SOARECIOL][^SOARECIOL][^SOARECIOLB][^SOARECIOL][^SOARECIOL]
2022-08-05 21:29:12,530 - INFO - main:238 - After attempt #2, the number of qualified words: 4, filtered out 97.8%.
2022-08-05 21:29:12,530 - INFO - main:246 - The next_round_words (w/ repeat_propensity) are: [('THUMB', 5.0), ('BUDDY', 7.0), ('BUGGY', 7.0), ('BUNNY', 7.0)]
2022-08-05 21:29:15,359 - INFO - main:136 - Try w/ the word: THUMB.
2022-08-05 21:29:18,379 - INFO - main:173 - feedback_correct_chars: []
2022-08-05 21:29:18,379 - INFO - main:174 - feedback_present_chars: [('B', 3), ('U', 3), ('B', 5)]
2022-08-05 21:29:18,379 - INFO - main:175 - feedback_absent_chars: ['S', 'O', 'A', 'R', 'E', 'C', 'I', 'O', 'L', 'T', 'H', 'M']
2022-08-05 21:29:18,379 - INFO - main:220 - regex_expr: [^SOARECIOLTHM][^SOARECIOLTHM][^SOARECIOLTHMBU][^SOARECIOLTHM][^SOARECIOLTHMB]
2022-08-05 21:29:18,380 - INFO - main:238 - After attempt #3, the number of qualified words: 3, filtered out 25.0%.
2022-08-05 21:29:18,380 - INFO - main:246 - The next_round_words (w/ repeat_propensity) are: [('BUDDY', 7.0), ('BUGGY', 7.0), ('BUNNY', 7.0)]
2022-08-05 21:29:21,109 - INFO - main:136 - Try w/ the word: BUDDY.
2022-08-05 21:29:24,063 - INFO - main:173 - feedback_correct_chars: [('B', 1), ('U', 2), ('Y', 5)]
2022-08-05 21:29:24,063 - INFO - main:174 - feedback_present_chars: [('B', 3), ('U', 3), ('B', 5)]
2022-08-05 21:29:24,064 - INFO - main:175 - feedback_absent_chars: ['S', 'O', 'A', 'R', 'E', 'C', 'I', 'O', 'L', 'T', 'H', 'M', 'D', 'D']
2022-08-05 21:29:24,064 - INFO - main:220 - regex_expr: BU[^SOARECIOLTHMDDBU][^SOARECIOLTHMDD]Y
2022-08-05 21:29:24,064 - INFO - main:238 - After attempt #4, the number of qualified words: 2, filtered out 33.33%.
2022-08-05 21:29:24,064 - INFO - main:246 - The next_round_words (w/ repeat_propensity) are: [('BUGGY', 7.0), ('BUNNY', 7.0)]
2022-08-05 21:29:26,672 - INFO - main:136 - Try w/ the word: BUGGY.
2022-08-05 21:29:29,252 - INFO - main:173 - feedback_correct_chars: [('B', 1), ('U', 2), ('Y', 5), ('G', 3), ('G', 4)]
2022-08-05 21:29:29,252 - INFO - main:174 - feedback_present_chars: [('B', 3), ('U', 3), ('B', 5)]
2022-08-05 21:29:29,252 - INFO - main:175 - feedback_absent_chars: ['S', 'O', 'A', 'R', 'E', 'C', 'I', 'O', 'L', 'T', 'H', 'M', 'D', 'D']
2022-08-05 21:29:29,252 - INFO - main:180 - Woohoo! The word is: BUGGY!
2022-08-05 21:29:29,253 - INFO - main:182 - Nailed it w/ 5 attempts.
